--------------------
./configure
Wed Jul 24 11:32:52 CEST 2013
=== ztest22540.c ===
extern int getchar();
int hello() {return getchar();}
===
/opt/pkg/compiler/gnu/gcc/4.7.3/bin/gcc-4.7.3 -c ztest22540.c
... using gcc

Checking for obsessive-compulsive compiler options...
=== ztest22540.c ===
int foo() { return 0; }
===
/opt/pkg/compiler/gnu/gcc/4.7.3/bin/gcc-4.7.3 -c -O3 ztest22540.c

Checking for shared library support...
=== ztest22540.c ===
extern int getchar();
int hello() {return getchar();}
===
/opt/pkg/compiler/gnu/gcc/4.7.3/bin/gcc-4.7.3 -w -c -O3 -fPIC ztest22540.c
/opt/pkg/compiler/gnu/gcc/4.7.3/bin/gcc-4.7.3 -shared -Wl,-soname,libz.so.1,--version-script,zlib.map -O3 -fPIC -o ztest22540.so ztest22540.o
Building shared library libz.so.1.2.8 with /opt/pkg/compiler/gnu/gcc/4.7.3/bin/gcc-4.7.3.

=== ztest22540.c ===
#include <sys/types.h>
off64_t dummy = 0;
===
/opt/pkg/compiler/gnu/gcc/4.7.3/bin/gcc-4.7.3 -c -O3 -D_LARGEFILE64_SOURCE=1 ztest22540.c
Checking for off64_t... Yes.
Checking for fseeko... Yes.

=== ztest22540.c ===
#include <string.h>
#include <errno.h>
int main() { return strlen(strerror(errno)); }
===
/opt/pkg/compiler/gnu/gcc/4.7.3/bin/gcc-4.7.3 -O3 -D_LARGEFILE64_SOURCE=1 -o ztest22540 ztest22540.c
Checking for strerror... Yes.

=== ztest22540.c ===
#include <unistd.h>
int main() { return 0; }
===
/opt/pkg/compiler/gnu/gcc/4.7.3/bin/gcc-4.7.3 -c -O3 -D_LARGEFILE64_SOURCE=1 ztest22540.c
Checking for unistd.h... Yes.

=== ztest22540.c ===
#include <stdarg.h>
int main() { return 0; }
===
/opt/pkg/compiler/gnu/gcc/4.7.3/bin/gcc-4.7.3 -c -O3 -D_LARGEFILE64_SOURCE=1 ztest22540.c
Checking for stdarg.h... Yes.

=== ztest22540.c ===
#include <stdio.h>
#include <stdarg.h>
#include "zconf.h"
int main()
{
#ifndef STDC
  choke me
#endif
  return 0;
}
===
/opt/pkg/compiler/gnu/gcc/4.7.3/bin/gcc-4.7.3 -c -O3 -D_LARGEFILE64_SOURCE=1 ztest22540.c
Checking whether to use vs[n]printf() or s[n]printf()... using vs[n]printf().

=== ztest22540.c ===
#include <stdio.h>
#include <stdarg.h>
int mytest(const char *fmt, ...)
{
  char buf[20];
  va_list ap;
  va_start(ap, fmt);
  vsnprintf(buf, sizeof(buf), fmt, ap);
  va_end(ap);
  return 0;
}
int main()
{
  return (mytest("Hello%d\n", 1));
}
===
/opt/pkg/compiler/gnu/gcc/4.7.3/bin/gcc-4.7.3 -O3 -D_LARGEFILE64_SOURCE=1 -o ztest22540 ztest22540.c
Checking for vsnprintf() in stdio.h... Yes.

=== ztest22540.c ===
#include <stdio.h>
#include <stdarg.h>
int mytest(const char *fmt, ...)
{
  int n;
  char buf[20];
  va_list ap;
  va_start(ap, fmt);
  n = vsnprintf(buf, sizeof(buf), fmt, ap);
  va_end(ap);
  return n;
}
int main()
{
  return (mytest("Hello%d\n", 1));
}
===
/opt/pkg/compiler/gnu/gcc/4.7.3/bin/gcc-4.7.3 -c -O3 -D_LARGEFILE64_SOURCE=1 ztest22540.c
Checking for return value of vsnprintf()... Yes.

=== ztest22540.c ===
#define ZLIB_INTERNAL __attribute__((visibility ("hidden")))
int ZLIB_INTERNAL foo;
int main()
{
  return 0;
}
===
/opt/pkg/compiler/gnu/gcc/4.7.3/bin/gcc-4.7.3 -c -O3 -D_LARGEFILE64_SOURCE=1 ztest22540.c
Checking for attribute(visibility) support... Yes.

ALL = static shared all64
AR = ar
ARFLAGS = rc
CC = /opt/pkg/compiler/gnu/gcc/4.7.3/bin/gcc-4.7.3
CFLAGS = -O3 -D_LARGEFILE64_SOURCE=1 -DHAVE_HIDDEN
CPP = /opt/pkg/compiler/gnu/gcc/4.7.3/bin/gcc-4.7.3 -E
EXE =
LDCONFIG = ldconfig
LDFLAGS =
LDSHARED = /opt/pkg/compiler/gnu/gcc/4.7.3/bin/gcc-4.7.3 -shared -Wl,-soname,libz.so.1,--version-script,zlib.map
LDSHAREDLIBC = -lc
OBJC = $(OBJZ) $(OBJG)
PIC_OBJC = $(PIC_OBJZ) $(PIC_OBJG)
RANLIB = ranlib
SFLAGS = -O3 -fPIC -D_LARGEFILE64_SOURCE=1 -DHAVE_HIDDEN
SHAREDLIB = libz.so
SHAREDLIBM = libz.so.1
SHAREDLIBV = libz.so.1.2.8
STATICLIB = libz.a
TEST = all teststatic testshared test64
VER = 1.2.8
Z_U4 =
exec_prefix = ${prefix}
includedir = ${prefix}/include
libdir = ${exec_prefix}/lib
mandir = ${prefix}/share/man
prefix = /usr/local
sharedlibdir = ${libdir}
uname = Linux
--------------------


