This file contains any messages produced by compilers while
running configure, to aid debugging if configure makes a mistake.

It was created by freeglut library configure 2.8.1, which was
generated by GNU Autoconf 2.69.  Invocation command line was

  $ ./configure 

## --------- ##
## Platform. ##
## --------- ##

hostname = hypnos
uname -m = x86_64
uname -r = 3.2.0-38-generic
uname -s = Linux
uname -v = #61-Ubuntu SMP Tue Feb 19 12:18:21 UTC 2013

/usr/bin/uname -p = unknown
/bin/uname -X     = unknown

/bin/arch              = x86_64
/usr/bin/arch -k       = unknown
/usr/convex/getsysinfo = unknown
/usr/bin/hostinfo      = unknown
/bin/machine           = unknown
/usr/bin/oslevel       = unknown
/bin/universe          = unknown

PATH: /usr/local/sbin
PATH: /usr/local/bin
PATH: /usr/sbin
PATH: /usr/bin
PATH: /sbin
PATH: /bin
PATH: /opt/pkg/tools/infiniband/ofed/3.5/bin
PATH: /opt/pkg/tools/infiniband/ofed/3.5/sbin
PATH: /opt/torque/bin
PATH: /opt/bin
PATH: /home/schnei49/bin


## ----------- ##
## Core tests. ##
## ----------- ##

configure:2273: checking for a BSD-compatible install
configure:2341: result: /usr/bin/install -c
configure:2352: checking whether build environment is sane
configure:2402: result: yes
configure:2543: checking for a thread-safe mkdir -p
configure:2582: result: /bin/mkdir -p
configure:2595: checking for gawk
configure:2611: found /usr/bin/gawk
configure:2622: result: gawk
configure:2633: checking whether make sets $(MAKE)
configure:2655: result: yes
configure:2792: checking for gcc
configure:2808: found /usr/bin/gcc
configure:2819: result: gcc
configure:3048: checking for C compiler version
configure:3057: gcc --version >&5
gcc (Ubuntu/Linaro 4.6.3-1ubuntu5) 4.6.3
Copyright (C) 2011 Free Software Foundation, Inc.
This is free software; see the source for copying conditions.  There is NO
warranty; not even for MERCHANTABILITY or FITNESS FOR A PARTICULAR PURPOSE.

configure:3068: $? = 0
configure:3057: gcc -v >&5
Using built-in specs.
COLLECT_GCC=gcc
COLLECT_LTO_WRAPPER=/usr/lib/gcc/x86_64-linux-gnu/4.6/lto-wrapper
Target: x86_64-linux-gnu
Configured with: ../src/configure -v --with-pkgversion='Ubuntu/Linaro 4.6.3-1ubuntu5' --with-bugurl=file:///usr/share/doc/gcc-4.6/README.Bugs --enable-languages=c,c++,fortran,objc,obj-c++ --prefix=/usr --program-suffix=-4.6 --enable-shared --enable-linker-build-id --with-system-zlib --libexecdir=/usr/lib --without-included-gettext --enable-threads=posix --with-gxx-include-dir=/usr/include/c++/4.6 --libdir=/usr/lib --enable-nls --with-sysroot=/ --enable-clocale=gnu --enable-libstdcxx-debug --enable-libstdcxx-time=yes --enable-gnu-unique-object --enable-plugin --enable-objc-gc --disable-werror --with-arch-32=i686 --with-tune=generic --enable-checking=release --build=x86_64-linux-gnu --host=x86_64-linux-gnu --target=x86_64-linux-gnu
Thread model: posix
gcc version 4.6.3 (Ubuntu/Linaro 4.6.3-1ubuntu5) 
configure:3068: $? = 0
configure:3057: gcc -V >&5
gcc: error: unrecognized option '-V'
gcc: fatal error: no input files
compilation terminated.
configure:3068: $? = 4
configure:3057: gcc -qversion >&5
gcc: error: unrecognized option '-qversion'
gcc: fatal error: no input files
compilation terminated.
configure:3068: $? = 4
configure:3088: checking whether the C compiler works
configure:3110: gcc    conftest.c  >&5
configure:3114: $? = 0
configure:3162: result: yes
configure:3165: checking for C compiler default output file name
configure:3167: result: a.out
configure:3173: checking for suffix of executables
configure:3180: gcc -o conftest    conftest.c  >&5
configure:3184: $? = 0
configure:3206: result: 
configure:3228: checking whether we are cross compiling
configure:3236: gcc -o conftest    conftest.c  >&5
configure:3240: $? = 0
configure:3247: ./conftest
configure:3251: $? = 0
configure:3266: result: no
configure:3271: checking for suffix of object files
configure:3293: gcc -c   conftest.c >&5
configure:3297: $? = 0
configure:3318: result: o
configure:3322: checking whether we are using the GNU C compiler
configure:3341: gcc -c   conftest.c >&5
configure:3341: $? = 0
configure:3350: result: yes
configure:3359: checking whether gcc accepts -g
configure:3379: gcc -c -g  conftest.c >&5
configure:3379: $? = 0
configure:3420: result: yes
configure:3437: checking for gcc option to accept ISO C89
configure:3500: gcc  -c -g -O2  conftest.c >&5
configure:3500: $? = 0
configure:3513: result: none needed
configure:3544: checking for style of include used by make
configure:3572: result: GNU
configure:3598: checking dependency style of gcc
configure:3709: result: gcc3
configure:3725: checking whether gcc and cc understand -c and -o together
configure:3756: gcc -c conftest.c -o conftest2.o >&5
configure:3760: $? = 0
configure:3766: gcc -c conftest.c -o conftest2.o >&5
configure:3770: $? = 0
configure:3781: cc -c conftest.c >&5
configure:3785: $? = 0
configure:3793: cc -c conftest.c -o conftest2.o >&5
configure:3797: $? = 0
configure:3803: cc -c conftest.c -o conftest2.o >&5
configure:3807: $? = 0
configure:3825: result: yes
configure:3851: checking for an ANSI C-conforming const
configure:3917: gcc -c -g -O2  conftest.c >&5
configure:3917: $? = 0
configure:3924: result: yes
configure:3966: checking build system type
configure:3980: result: x86_64-unknown-linux-gnu
configure:4000: checking host system type
configure:4013: result: x86_64-unknown-linux-gnu
configure:4054: checking how to print strings
configure:4081: result: printf
configure:4102: checking for a sed that does not truncate output
configure:4166: result: /bin/sed
configure:4184: checking for grep that handles long lines and -e
configure:4242: result: /bin/grep
configure:4247: checking for egrep
configure:4309: result: /bin/grep -E
configure:4314: checking for fgrep
configure:4376: result: /bin/grep -F
configure:4411: checking for ld used by gcc
configure:4478: result: /usr/bin/ld
configure:4485: checking if the linker (/usr/bin/ld) is GNU ld
configure:4500: result: yes
configure:4512: checking for BSD- or MS-compatible name lister (nm)
configure:4561: result: /usr/bin/nm -B
configure:4691: checking the name lister (/usr/bin/nm -B) interface
configure:4698: gcc -c -g -O2  conftest.c >&5
configure:4701: /usr/bin/nm -B "conftest.o"
configure:4704: output
0000000000000000 B some_variable
configure:4711: result: BSD nm
configure:4714: checking whether ln -s works
configure:4718: result: yes
configure:4726: checking the maximum length of command line arguments
configure:4857: result: 1572864
configure:4874: checking whether the shell understands some XSI constructs
configure:4884: result: yes
configure:4888: checking whether the shell understands "+="
configure:4894: result: yes
configure:4929: checking how to convert x86_64-unknown-linux-gnu file names to x86_64-unknown-linux-gnu format
configure:4969: result: func_convert_file_noop
configure:4976: checking how to convert x86_64-unknown-linux-gnu file names to toolchain format
configure:4996: result: func_convert_file_noop
configure:5003: checking for /usr/bin/ld option to reload object files
configure:5010: result: -r
configure:5084: checking for objdump
configure:5100: found /usr/bin/objdump
configure:5111: result: objdump
configure:5143: checking how to recognize dependent libraries
configure:5341: result: pass_all
configure:5426: checking for dlltool
configure:5456: result: no
configure:5486: checking how to associate runtime and link libraries
configure:5513: result: printf %s\n
configure:5573: checking for ar
configure:5589: found /usr/bin/ar
configure:5600: result: ar
configure:5637: checking for archiver @FILE support
configure:5654: gcc -c -g -O2  conftest.c >&5
configure:5654: $? = 0
configure:5657: ar cru libconftest.a @conftest.lst >&5
configure:5660: $? = 0
configure:5665: ar cru libconftest.a @conftest.lst >&5
ar: conftest.o: No such file or directory
configure:5668: $? = 1
configure:5680: result: @
configure:5738: checking for strip
configure:5754: found /usr/bin/strip
configure:5765: result: strip
configure:5837: checking for ranlib
configure:5853: found /usr/bin/ranlib
configure:5864: result: ranlib
configure:5966: checking command to parse /usr/bin/nm -B output from gcc object
configure:6086: gcc -c -g -O2  conftest.c >&5
configure:6089: $? = 0
configure:6093: /usr/bin/nm -B conftest.o \| sed -n -e 's/^.*[ ]\([ABCDGIRSTW][ABCDGIRSTW]*\)[ ][ ]*\([_A-Za-z][_A-Za-z0-9]*\)$/\1 \2 \2/p' | sed '/ __gnu_lto/d' \> conftest.nm
configure:6096: $? = 0
configure:6162: gcc -o conftest -g -O2   conftest.c conftstm.o >&5
configure:6165: $? = 0
configure:6203: result: ok
configure:6240: checking for sysroot
configure:6270: result: no
configure:6347: gcc -c -g -O2  conftest.c >&5
configure:6350: $? = 0
configure:6533: checking for mt
configure:6549: found /bin/mt
configure:6560: result: mt
configure:6583: checking if mt is a manifest tool
configure:6589: mt '-?'
configure:6597: result: no
configure:7239: checking how to run the C preprocessor
configure:7270: gcc -E  conftest.c
configure:7270: $? = 0
configure:7284: gcc -E  conftest.c
conftest.c:11:28: fatal error: ac_nonexistent.h: No such file or directory
compilation terminated.
configure:7284: $? = 1
configure: failed program was:
| /* confdefs.h */
| #define PACKAGE_NAME "freeglut library"
| #define PACKAGE_TARNAME "freeglut"
| #define PACKAGE_VERSION "2.8.1"
| #define PACKAGE_STRING "freeglut library 2.8.1"
| #define PACKAGE_BUGREPORT "freeglut-bugs@lists.sourceforge.net"
| #define PACKAGE_URL ""
| #define PACKAGE "freeglut"
| #define VERSION "2.8.1"
| /* end confdefs.h.  */
| #include <ac_nonexistent.h>
configure:7309: result: gcc -E
configure:7329: gcc -E  conftest.c
configure:7329: $? = 0
configure:7343: gcc -E  conftest.c
conftest.c:11:28: fatal error: ac_nonexistent.h: No such file or directory
compilation terminated.
configure:7343: $? = 1
configure: failed program was:
| /* confdefs.h */
| #define PACKAGE_NAME "freeglut library"
| #define PACKAGE_TARNAME "freeglut"
| #define PACKAGE_VERSION "2.8.1"
| #define PACKAGE_STRING "freeglut library 2.8.1"
| #define PACKAGE_BUGREPORT "freeglut-bugs@lists.sourceforge.net"
| #define PACKAGE_URL ""
| #define PACKAGE "freeglut"
| #define VERSION "2.8.1"
| /* end confdefs.h.  */
| #include <ac_nonexistent.h>
configure:7372: checking for ANSI C header files
configure:7392: gcc -c -g -O2  conftest.c >&5
configure:7392: $? = 0
configure:7465: gcc -o conftest -g -O2   conftest.c  >&5
configure:7465: $? = 0
configure:7465: ./conftest
configure:7465: $? = 0
configure:7476: result: yes
configure:7489: checking for sys/types.h
configure:7489: gcc -c -g -O2  conftest.c >&5
configure:7489: $? = 0
configure:7489: result: yes
configure:7489: checking for sys/stat.h
configure:7489: gcc -c -g -O2  conftest.c >&5
configure:7489: $? = 0
configure:7489: result: yes
configure:7489: checking for stdlib.h
configure:7489: gcc -c -g -O2  conftest.c >&5
configure:7489: $? = 0
configure:7489: result: yes
configure:7489: checking for string.h
configure:7489: gcc -c -g -O2  conftest.c >&5
configure:7489: $? = 0
configure:7489: result: yes
configure:7489: checking for memory.h
configure:7489: gcc -c -g -O2  conftest.c >&5
configure:7489: $? = 0
configure:7489: result: yes
configure:7489: checking for strings.h
configure:7489: gcc -c -g -O2  conftest.c >&5
configure:7489: $? = 0
configure:7489: result: yes
configure:7489: checking for inttypes.h
configure:7489: gcc -c -g -O2  conftest.c >&5
configure:7489: $? = 0
configure:7489: result: yes
configure:7489: checking for stdint.h
configure:7489: gcc -c -g -O2  conftest.c >&5
configure:7489: $? = 0
configure:7489: result: yes
configure:7489: checking for unistd.h
configure:7489: gcc -c -g -O2  conftest.c >&5
configure:7489: $? = 0
configure:7489: result: yes
configure:7503: checking for dlfcn.h
configure:7503: gcc -c -g -O2  conftest.c >&5
configure:7503: $? = 0
configure:7503: result: yes
configure:7707: checking for objdir
configure:7722: result: .libs
configure:7989: checking if gcc supports -fno-rtti -fno-exceptions
configure:8007: gcc -c -g -O2  -fno-rtti -fno-exceptions conftest.c >&5
cc1: warning: command line option '-fno-rtti' is valid for C++/ObjC++ but not for C [enabled by default]
configure:8011: $? = 0
configure:8024: result: no
configure:8351: checking for gcc option to produce PIC
configure:8358: result: -fPIC -DPIC
configure:8366: checking if gcc PIC flag -fPIC -DPIC works
configure:8384: gcc -c -g -O2  -fPIC -DPIC -DPIC conftest.c >&5
configure:8388: $? = 0
configure:8401: result: yes
configure:8430: checking if gcc static flag -static works
configure:8458: result: yes
configure:8473: checking if gcc supports -c -o file.o
configure:8494: gcc -c -g -O2  -o out/conftest2.o conftest.c >&5
configure:8498: $? = 0
configure:8520: result: yes
configure:8528: checking if gcc supports -c -o file.o
configure:8575: result: yes
configure:8608: checking whether the gcc linker (/usr/bin/ld -m elf_x86_64) supports shared libraries
configure:9765: result: yes
configure:9802: checking whether -lc should be explicitly linked in
configure:9810: gcc -c -g -O2  conftest.c >&5
configure:9813: $? = 0
configure:9828: gcc -shared  -fPIC -DPIC conftest.o  -v -Wl,-soname -Wl,conftest -o conftest 2\>\&1 \| /bin/grep  -lc  \>/dev/null 2\>\&1
configure:9831: $? = 0
configure:9845: result: no
configure:10005: checking dynamic linker characteristics
configure:10505: gcc -o conftest -g -O2   -Wl,-rpath -Wl,/foo conftest.c  >&5
configure:10505: $? = 0
configure:10739: result: GNU/Linux ld.so
configure:10846: checking how to hardcode library paths into programs
configure:10871: result: immediate
configure:10965: checking for shl_load
configure:10965: gcc -o conftest -g -O2   conftest.c  >&5
/tmp/ccly8Mxu.o: In function `main':
/home/schnei49/libs/glut/freeglut-2.8.1/conftest.c:57: undefined reference to `shl_load'
collect2: ld returned 1 exit status
configure:10965: $? = 1
configure: failed program was:
| /* confdefs.h */
| #define PACKAGE_NAME "freeglut library"
| #define PACKAGE_TARNAME "freeglut"
| #define PACKAGE_VERSION "2.8.1"
| #define PACKAGE_STRING "freeglut library 2.8.1"
| #define PACKAGE_BUGREPORT "freeglut-bugs@lists.sourceforge.net"
| #define PACKAGE_URL ""
| #define PACKAGE "freeglut"
| #define VERSION "2.8.1"
| #define STDC_HEADERS 1
| #define HAVE_SYS_TYPES_H 1
| #define HAVE_SYS_STAT_H 1
| #define HAVE_STDLIB_H 1
| #define HAVE_STRING_H 1
| #define HAVE_MEMORY_H 1
| #define HAVE_STRINGS_H 1
| #define HAVE_INTTYPES_H 1
| #define HAVE_STDINT_H 1
| #define HAVE_UNISTD_H 1
| #define HAVE_DLFCN_H 1
| #define LT_OBJDIR ".libs/"
| /* end confdefs.h.  */
| /* Define shl_load to an innocuous variant, in case <limits.h> declares shl_load.
|    For example, HP-UX 11i <limits.h> declares gettimeofday.  */
| #define shl_load innocuous_shl_load
| 
| /* System header to define __stub macros and hopefully few prototypes,
|     which can conflict with char shl_load (); below.
|     Prefer <limits.h> to <assert.h> if __STDC__ is defined, since
|     <limits.h> exists even on freestanding compilers.  */
| 
| #ifdef __STDC__
| # include <limits.h>
| #else
| # include <assert.h>
| #endif
| 
| #undef shl_load
| 
| /* Override any GCC internal prototype to avoid an error.
|    Use char because int might match the return type of a GCC
|    builtin and then its argument prototype would still apply.  */
| #ifdef __cplusplus
| extern "C"
| #endif
| char shl_load ();
| /* The GNU C library defines this for functions which it implements
|     to always fail with ENOSYS.  Some functions are actually named
|     something starting with __ and the normal name is an alias.  */
| #if defined __stub_shl_load || defined __stub___shl_load
| choke me
| #endif
| 
| int
| main ()
| {
| return shl_load ();
|   ;
|   return 0;
| }
configure:10965: result: no
configure:10969: checking for shl_load in -ldld
configure:10994: gcc -o conftest -g -O2   conftest.c -ldld   >&5
/usr/bin/ld: cannot find -ldld
collect2: ld returned 1 exit status
configure:10994: $? = 1
configure: failed program was:
| /* confdefs.h */
| #define PACKAGE_NAME "freeglut library"
| #define PACKAGE_TARNAME "freeglut"
| #define PACKAGE_VERSION "2.8.1"
| #define PACKAGE_STRING "freeglut library 2.8.1"
| #define PACKAGE_BUGREPORT "freeglut-bugs@lists.sourceforge.net"
| #define PACKAGE_URL ""
| #define PACKAGE "freeglut"
| #define VERSION "2.8.1"
| #define STDC_HEADERS 1
| #define HAVE_SYS_TYPES_H 1
| #define HAVE_SYS_STAT_H 1
| #define HAVE_STDLIB_H 1
| #define HAVE_STRING_H 1
| #define HAVE_MEMORY_H 1
| #define HAVE_STRINGS_H 1
| #define HAVE_INTTYPES_H 1
| #define HAVE_STDINT_H 1
| #define HAVE_UNISTD_H 1
| #define HAVE_DLFCN_H 1
| #define LT_OBJDIR ".libs/"
| /* end confdefs.h.  */
| 
| /* Override any GCC internal prototype to avoid an error.
|    Use char because int might match the return type of a GCC
|    builtin and then its argument prototype would still apply.  */
| #ifdef __cplusplus
| extern "C"
| #endif
| char shl_load ();
| int
| main ()
| {
| return shl_load ();
|   ;
|   return 0;
| }
configure:11003: result: no
configure:11008: checking for dlopen
configure:11008: gcc -o conftest -g -O2   conftest.c  >&5
/tmp/ccFgySiC.o: In function `main':
/home/schnei49/libs/glut/freeglut-2.8.1/conftest.c:57: undefined reference to `dlopen'
collect2: ld returned 1 exit status
configure:11008: $? = 1
configure: failed program was:
| /* confdefs.h */
| #define PACKAGE_NAME "freeglut library"
| #define PACKAGE_TARNAME "freeglut"
| #define PACKAGE_VERSION "2.8.1"
| #define PACKAGE_STRING "freeglut library 2.8.1"
| #define PACKAGE_BUGREPORT "freeglut-bugs@lists.sourceforge.net"
| #define PACKAGE_URL ""
| #define PACKAGE "freeglut"
| #define VERSION "2.8.1"
| #define STDC_HEADERS 1
| #define HAVE_SYS_TYPES_H 1
| #define HAVE_SYS_STAT_H 1
| #define HAVE_STDLIB_H 1
| #define HAVE_STRING_H 1
| #define HAVE_MEMORY_H 1
| #define HAVE_STRINGS_H 1
| #define HAVE_INTTYPES_H 1
| #define HAVE_STDINT_H 1
| #define HAVE_UNISTD_H 1
| #define HAVE_DLFCN_H 1
| #define LT_OBJDIR ".libs/"
| /* end confdefs.h.  */
| /* Define dlopen to an innocuous variant, in case <limits.h> declares dlopen.
|    For example, HP-UX 11i <limits.h> declares gettimeofday.  */
| #define dlopen innocuous_dlopen
| 
| /* System header to define __stub macros and hopefully few prototypes,
|     which can conflict with char dlopen (); below.
|     Prefer <limits.h> to <assert.h> if __STDC__ is defined, since
|     <limits.h> exists even on freestanding compilers.  */
| 
| #ifdef __STDC__
| # include <limits.h>
| #else
| # include <assert.h>
| #endif
| 
| #undef dlopen
| 
| /* Override any GCC internal prototype to avoid an error.
|    Use char because int might match the return type of a GCC
|    builtin and then its argument prototype would still apply.  */
| #ifdef __cplusplus
| extern "C"
| #endif
| char dlopen ();
| /* The GNU C library defines this for functions which it implements
|     to always fail with ENOSYS.  Some functions are actually named
|     something starting with __ and the normal name is an alias.  */
| #if defined __stub_dlopen || defined __stub___dlopen
| choke me
| #endif
| 
| int
| main ()
| {
| return dlopen ();
|   ;
|   return 0;
| }
configure:11008: result: no
configure:11012: checking for dlopen in -ldl
configure:11037: gcc -o conftest -g -O2   conftest.c -ldl   >&5
configure:11037: $? = 0
configure:11046: result: yes
configure:11165: checking whether a program can dlopen itself
configure:11245: gcc -o conftest -g -O2  -DHAVE_DLFCN_H  -Wl,--export-dynamic conftest.c -ldl  >&5
configure:11248: $? = 0
configure:11266: result: yes
configure:11271: checking whether a statically linked program can dlopen itself
configure:11351: gcc -o conftest -g -O2  -DHAVE_DLFCN_H  -Wl,--export-dynamic -static conftest.c -ldl  >&5
/tmp/ccdOo03Q.o: In function `main':
/home/schnei49/libs/glut/freeglut-2.8.1/configure:11330: warning: Using 'dlopen' in statically linked applications requires at runtime the shared libraries from the glibc version used for linking
/usr/bin/ld: dynamic STT_GNU_IFUNC symbol `strcmp' with pointer equality in `/usr/lib/gcc/x86_64-linux-gnu/4.6/../../../x86_64-linux-gnu/libc.a(strcmp.o)' can not be used when making an executable; recompile with -fPIE and relink with -pie
collect2: ld returned 1 exit status
configure:11354: $? = 1
configure:11372: result: no
configure:11411: checking whether stripping libraries is possible
configure:11416: result: yes
configure:11451: checking if libtool supports shared libraries
configure:11453: result: yes
configure:11456: checking whether to build shared libraries
configure:11477: result: yes
configure:11480: checking whether to build static libraries
configure:11484: result: yes
configure:11524: checking for X
configure:11663: gcc -o conftest -g -O2   conftest.c -lX11  >&5
configure:11663: $? = 0
configure:11713: result: libraries , headers 
configure:11812: gcc -o conftest -g -O2   conftest.c   -lX11 >&5
configure:11812: $? = 0
configure:11910: checking for gethostbyname
configure:11910: gcc -o conftest -g -O2   conftest.c  >&5
configure:11910: $? = 0
configure:11910: result: yes
configure:12007: checking for connect
configure:12007: gcc -o conftest -g -O2   conftest.c  >&5
configure:12007: $? = 0
configure:12007: result: yes
configure:12056: checking for remove
configure:12056: gcc -o conftest -g -O2   conftest.c  >&5
configure:12056: $? = 0
configure:12056: result: yes
configure:12105: checking for shmat
configure:12105: gcc -o conftest -g -O2   conftest.c  >&5
configure:12105: $? = 0
configure:12105: result: yes
configure:12163: checking for IceConnectionNumber in -lICE
configure:12188: gcc -o conftest -g -O2   conftest.c -lICE   >&5
configure:12188: $? = 0
configure:12197: result: yes
configure:12216: checking for XF86VidModeSwitchToMode in -lXxf86vm
configure:12241: gcc -o conftest -g -O2   conftest.c -lXxf86vm   >&5
configure:12241: $? = 0
configure:12250: result: yes
configure:12261: checking for XRRQueryExtension in -lXrandr
configure:12286: gcc -o conftest -g -O2   conftest.c -lXrandr  -lXxf86vm  >&5
configure:12286: $? = 0
configure:12295: result: yes
configure:12306: checking for XISelectEvents in -lXi
configure:12331: gcc -o conftest -g -O2   conftest.c -lXi  -lXrandr -lXxf86vm  >&5
configure:12331: $? = 0
configure:12340: result: yes
configure:12361: checking for hid_init in -lusbhid
configure:12386: gcc -o conftest -g -O2   conftest.c -lusbhid  -lXi -lXrandr -lXxf86vm  >&5
/usr/bin/ld: cannot find -lusbhid
collect2: ld returned 1 exit status
configure:12386: $? = 1
configure: failed program was:
| /* confdefs.h */
| #define PACKAGE_NAME "freeglut library"
| #define PACKAGE_TARNAME "freeglut"
| #define PACKAGE_VERSION "2.8.1"
| #define PACKAGE_STRING "freeglut library 2.8.1"
| #define PACKAGE_BUGREPORT "freeglut-bugs@lists.sourceforge.net"
| #define PACKAGE_URL ""
| #define PACKAGE "freeglut"
| #define VERSION "2.8.1"
| #define STDC_HEADERS 1
| #define HAVE_SYS_TYPES_H 1
| #define HAVE_SYS_STAT_H 1
| #define HAVE_STDLIB_H 1
| #define HAVE_STRING_H 1
| #define HAVE_MEMORY_H 1
| #define HAVE_STRINGS_H 1
| #define HAVE_INTTYPES_H 1
| #define HAVE_STDINT_H 1
| #define HAVE_UNISTD_H 1
| #define HAVE_DLFCN_H 1
| #define LT_OBJDIR ".libs/"
| #define HAVE_LIBXXF86VM 1
| #define HAVE_LIBXRANDR 1
| #define HAVE_LIBXI 1
| /* end confdefs.h.  */
| 
| /* Override any GCC internal prototype to avoid an error.
|    Use char because int might match the return type of a GCC
|    builtin and then its argument prototype would still apply.  */
| #ifdef __cplusplus
| extern "C"
| #endif
| char hid_init ();
| int
| main ()
| {
| return hid_init ();
|   ;
|   return 0;
| }
configure:12395: result: no
configure:12406: checking for library containing clock_gettime
configure:12437: gcc -o conftest -g -O2   conftest.c -lXi -lXrandr -lXxf86vm  >&5
/tmp/cciR5cTJ.o: In function `main':
/home/schnei49/libs/glut/freeglut-2.8.1/conftest.c:37: undefined reference to `clock_gettime'
collect2: ld returned 1 exit status
configure:12437: $? = 1
configure: failed program was:
| /* confdefs.h */
| #define PACKAGE_NAME "freeglut library"
| #define PACKAGE_TARNAME "freeglut"
| #define PACKAGE_VERSION "2.8.1"
| #define PACKAGE_STRING "freeglut library 2.8.1"
| #define PACKAGE_BUGREPORT "freeglut-bugs@lists.sourceforge.net"
| #define PACKAGE_URL ""
| #define PACKAGE "freeglut"
| #define VERSION "2.8.1"
| #define STDC_HEADERS 1
| #define HAVE_SYS_TYPES_H 1
| #define HAVE_SYS_STAT_H 1
| #define HAVE_STDLIB_H 1
| #define HAVE_STRING_H 1
| #define HAVE_MEMORY_H 1
| #define HAVE_STRINGS_H 1
| #define HAVE_INTTYPES_H 1
| #define HAVE_STDINT_H 1
| #define HAVE_UNISTD_H 1
| #define HAVE_DLFCN_H 1
| #define LT_OBJDIR ".libs/"
| #define HAVE_LIBXXF86VM 1
| #define HAVE_LIBXRANDR 1
| #define HAVE_LIBXI 1
| /* end confdefs.h.  */
| 
| /* Override any GCC internal prototype to avoid an error.
|    Use char because int might match the return type of a GCC
|    builtin and then its argument prototype would still apply.  */
| #ifdef __cplusplus
| extern "C"
| #endif
| char clock_gettime ();
| int
| main ()
| {
| return clock_gettime ();
|   ;
|   return 0;
| }
configure:12437: gcc -o conftest -g -O2   conftest.c -lrt  -lXi -lXrandr -lXxf86vm  >&5
configure:12437: $? = 0
configure:12454: result: -lrt
configure:12464: checking for ANSI C header files
configure:12568: result: yes
configure:12581: checking usbhid.h usability
configure:12581: gcc -c -g -O2   conftest.c >&5
conftest.c:60:20: fatal error: usbhid.h: No such file or directory
compilation terminated.
configure:12581: $? = 1
configure: failed program was:
| /* confdefs.h */
| #define PACKAGE_NAME "freeglut library"
| #define PACKAGE_TARNAME "freeglut"
| #define PACKAGE_VERSION "2.8.1"
| #define PACKAGE_STRING "freeglut library 2.8.1"
| #define PACKAGE_BUGREPORT "freeglut-bugs@lists.sourceforge.net"
| #define PACKAGE_URL ""
| #define PACKAGE "freeglut"
| #define VERSION "2.8.1"
| #define STDC_HEADERS 1
| #define HAVE_SYS_TYPES_H 1
| #define HAVE_SYS_STAT_H 1
| #define HAVE_STDLIB_H 1
| #define HAVE_STRING_H 1
| #define HAVE_MEMORY_H 1
| #define HAVE_STRINGS_H 1
| #define HAVE_INTTYPES_H 1
| #define HAVE_STDINT_H 1
| #define HAVE_UNISTD_H 1
| #define HAVE_DLFCN_H 1
| #define LT_OBJDIR ".libs/"
| #define HAVE_LIBXXF86VM 1
| #define HAVE_LIBXRANDR 1
| #define HAVE_LIBXI 1
| #define STDC_HEADERS 1
| /* end confdefs.h.  */
| #include <stdio.h>
| #ifdef HAVE_SYS_TYPES_H
| # include <sys/types.h>
| #endif
| #ifdef HAVE_SYS_STAT_H
| # include <sys/stat.h>
| #endif
| #ifdef STDC_HEADERS
| # include <stdlib.h>
| # include <stddef.h>
| #else
| # ifdef HAVE_STDLIB_H
| #  include <stdlib.h>
| # endif
| #endif
| #ifdef HAVE_STRING_H
| # if !defined STDC_HEADERS && defined HAVE_MEMORY_H
| #  include <memory.h>
| # endif
| # include <string.h>
| #endif
| #ifdef HAVE_STRINGS_H
| # include <strings.h>
| #endif
| #ifdef HAVE_INTTYPES_H
| # include <inttypes.h>
| #endif
| #ifdef HAVE_STDINT_H
| # include <stdint.h>
| #endif
| #ifdef HAVE_UNISTD_H
| # include <unistd.h>
| #endif
| #include <usbhid.h>
configure:12581: result: no
configure:12581: checking usbhid.h presence
configure:12581: gcc -E   conftest.c
conftest.c:27:20: fatal error: usbhid.h: No such file or directory
compilation terminated.
configure:12581: $? = 1
configure: failed program was:
| /* confdefs.h */
| #define PACKAGE_NAME "freeglut library"
| #define PACKAGE_TARNAME "freeglut"
| #define PACKAGE_VERSION "2.8.1"
| #define PACKAGE_STRING "freeglut library 2.8.1"
| #define PACKAGE_BUGREPORT "freeglut-bugs@lists.sourceforge.net"
| #define PACKAGE_URL ""
| #define PACKAGE "freeglut"
| #define VERSION "2.8.1"
| #define STDC_HEADERS 1
| #define HAVE_SYS_TYPES_H 1
| #define HAVE_SYS_STAT_H 1
| #define HAVE_STDLIB_H 1
| #define HAVE_STRING_H 1
| #define HAVE_MEMORY_H 1
| #define HAVE_STRINGS_H 1
| #define HAVE_INTTYPES_H 1
| #define HAVE_STDINT_H 1
| #define HAVE_UNISTD_H 1
| #define HAVE_DLFCN_H 1
| #define LT_OBJDIR ".libs/"
| #define HAVE_LIBXXF86VM 1
| #define HAVE_LIBXRANDR 1
| #define HAVE_LIBXI 1
| #define STDC_HEADERS 1
| /* end confdefs.h.  */
| #include <usbhid.h>
configure:12581: result: no
configure:12581: checking for usbhid.h
configure:12581: result: no
configure:12581: checking libusbhid.h usability
configure:12581: gcc -c -g -O2   conftest.c >&5
conftest.c:60:23: fatal error: libusbhid.h: No such file or directory
compilation terminated.
configure:12581: $? = 1
configure: failed program was:
| /* confdefs.h */
| #define PACKAGE_NAME "freeglut library"
| #define PACKAGE_TARNAME "freeglut"
| #define PACKAGE_VERSION "2.8.1"
| #define PACKAGE_STRING "freeglut library 2.8.1"
| #define PACKAGE_BUGREPORT "freeglut-bugs@lists.sourceforge.net"
| #define PACKAGE_URL ""
| #define PACKAGE "freeglut"
| #define VERSION "2.8.1"
| #define STDC_HEADERS 1
| #define HAVE_SYS_TYPES_H 1
| #define HAVE_SYS_STAT_H 1
| #define HAVE_STDLIB_H 1
| #define HAVE_STRING_H 1
| #define HAVE_MEMORY_H 1
| #define HAVE_STRINGS_H 1
| #define HAVE_INTTYPES_H 1
| #define HAVE_STDINT_H 1
| #define HAVE_UNISTD_H 1
| #define HAVE_DLFCN_H 1
| #define LT_OBJDIR ".libs/"
| #define HAVE_LIBXXF86VM 1
| #define HAVE_LIBXRANDR 1
| #define HAVE_LIBXI 1
| #define STDC_HEADERS 1
| /* end confdefs.h.  */
| #include <stdio.h>
| #ifdef HAVE_SYS_TYPES_H
| # include <sys/types.h>
| #endif
| #ifdef HAVE_SYS_STAT_H
| # include <sys/stat.h>
| #endif
| #ifdef STDC_HEADERS
| # include <stdlib.h>
| # include <stddef.h>
| #else
| # ifdef HAVE_STDLIB_H
| #  include <stdlib.h>
| # endif
| #endif
| #ifdef HAVE_STRING_H
| # if !defined STDC_HEADERS && defined HAVE_MEMORY_H
| #  include <memory.h>
| # endif
| # include <string.h>
| #endif
| #ifdef HAVE_STRINGS_H
| # include <strings.h>
| #endif
| #ifdef HAVE_INTTYPES_H
| # include <inttypes.h>
| #endif
| #ifdef HAVE_STDINT_H
| # include <stdint.h>
| #endif
| #ifdef HAVE_UNISTD_H
| # include <unistd.h>
| #endif
| #include <libusbhid.h>
configure:12581: result: no
configure:12581: checking libusbhid.h presence
configure:12581: gcc -E   conftest.c
conftest.c:27:23: fatal error: libusbhid.h: No such file or directory
compilation terminated.
configure:12581: $? = 1
configure: failed program was:
| /* confdefs.h */
| #define PACKAGE_NAME "freeglut library"
| #define PACKAGE_TARNAME "freeglut"
| #define PACKAGE_VERSION "2.8.1"
| #define PACKAGE_STRING "freeglut library 2.8.1"
| #define PACKAGE_BUGREPORT "freeglut-bugs@lists.sourceforge.net"
| #define PACKAGE_URL ""
| #define PACKAGE "freeglut"
| #define VERSION "2.8.1"
| #define STDC_HEADERS 1
| #define HAVE_SYS_TYPES_H 1
| #define HAVE_SYS_STAT_H 1
| #define HAVE_STDLIB_H 1
| #define HAVE_STRING_H 1
| #define HAVE_MEMORY_H 1
| #define HAVE_STRINGS_H 1
| #define HAVE_INTTYPES_H 1
| #define HAVE_STDINT_H 1
| #define HAVE_UNISTD_H 1
| #define HAVE_DLFCN_H 1
| #define LT_OBJDIR ".libs/"
| #define HAVE_LIBXXF86VM 1
| #define HAVE_LIBXRANDR 1
| #define HAVE_LIBXI 1
| #define STDC_HEADERS 1
| /* end confdefs.h.  */
| #include <libusbhid.h>
configure:12581: result: no
configure:12581: checking for libusbhid.h
configure:12581: result: no
configure:12581: checking errno.h usability
configure:12581: gcc -c -g -O2   conftest.c >&5
configure:12581: $? = 0
configure:12581: result: yes
configure:12581: checking errno.h presence
configure:12581: gcc -E   conftest.c
configure:12581: $? = 0
configure:12581: result: yes
configure:12581: checking for errno.h
configure:12581: result: yes
configure:12581: checking GL/gl.h usability
configure:12581: gcc -c -g -O2   conftest.c >&5
configure:12581: $? = 0
configure:12581: result: yes
configure:12581: checking GL/gl.h presence
configure:12581: gcc -E   conftest.c
configure:12581: $? = 0
configure:12581: result: yes
configure:12581: checking for GL/gl.h
configure:12581: result: yes
configure:12581: checking GL/glu.h usability
configure:12581: gcc -c -g -O2   conftest.c >&5
configure:12581: $? = 0
configure:12581: result: yes
configure:12581: checking GL/glu.h presence
configure:12581: gcc -E   conftest.c
configure:12581: $? = 0
configure:12581: result: yes
configure:12581: checking for GL/glu.h
configure:12581: result: yes
configure:12581: checking GL/glx.h usability
configure:12581: gcc -c -g -O2   conftest.c >&5
configure:12581: $? = 0
configure:12581: result: yes
configure:12581: checking GL/glx.h presence
configure:12581: gcc -E   conftest.c
configure:12581: $? = 0
configure:12581: result: yes
configure:12581: checking for GL/glx.h
configure:12581: result: yes
configure:12581: checking fcntl.h usability
configure:12581: gcc -c -g -O2   conftest.c >&5
configure:12581: $? = 0
configure:12581: result: yes
configure:12581: checking fcntl.h presence
configure:12581: gcc -E   conftest.c
configure:12581: $? = 0
configure:12581: result: yes
configure:12581: checking for fcntl.h
configure:12581: result: yes
configure:12581: checking limits.h usability
configure:12581: gcc -c -g -O2   conftest.c >&5
configure:12581: $? = 0
configure:12581: result: yes
configure:12581: checking limits.h presence
configure:12581: gcc -E   conftest.c
configure:12581: $? = 0
configure:12581: result: yes
configure:12581: checking for limits.h
configure:12581: result: yes
configure:12581: checking sys/ioctl.h usability
configure:12581: gcc -c -g -O2   conftest.c >&5
configure:12581: $? = 0
configure:12581: result: yes
configure:12581: checking sys/ioctl.h presence
configure:12581: gcc -E   conftest.c
configure:12581: $? = 0
configure:12581: result: yes
configure:12581: checking for sys/ioctl.h
configure:12581: result: yes
configure:12581: checking sys/param.h usability
configure:12581: gcc -c -g -O2   conftest.c >&5
configure:12581: $? = 0
configure:12581: result: yes
configure:12581: checking sys/param.h presence
configure:12581: gcc -E   conftest.c
configure:12581: $? = 0
configure:12581: result: yes
configure:12581: checking for sys/param.h
configure:12581: result: yes
configure:12581: checking sys/time.h usability
configure:12581: gcc -c -g -O2   conftest.c >&5
configure:12581: $? = 0
configure:12581: result: yes
configure:12581: checking sys/time.h presence
configure:12581: gcc -E   conftest.c
configure:12581: $? = 0
configure:12581: result: yes
configure:12581: checking for sys/time.h
configure:12581: result: yes
configure:12591: checking whether time.h and sys/time.h may both be included
configure:12611: gcc -c -g -O2   conftest.c >&5
configure:12611: $? = 0
configure:12618: result: yes
configure:12628: checking for X11/extensions/xf86vmode.h
configure:12628: gcc -c -g -O2   conftest.c >&5
configure:12628: $? = 0
configure:12628: result: yes
configure:12641: checking X11/extensions/Xrandr.h usability
configure:12641: gcc -c -g -O2   conftest.c >&5
configure:12641: $? = 0
configure:12641: result: yes
configure:12641: checking X11/extensions/Xrandr.h presence
configure:12641: gcc -E   conftest.c
configure:12641: $? = 0
configure:12641: result: yes
configure:12641: checking for X11/extensions/Xrandr.h
configure:12641: result: yes
configure:12654: checking X11/extensions/XI.h usability
configure:12654: gcc -c -g -O2   conftest.c >&5
configure:12654: $? = 0
configure:12654: result: yes
configure:12654: checking X11/extensions/XI.h presence
configure:12654: gcc -E   conftest.c
configure:12654: $? = 0
configure:12654: result: yes
configure:12654: checking for X11/extensions/XI.h
configure:12654: result: yes
configure:12654: checking X11/extensions/XInput.h usability
configure:12654: gcc -c -g -O2   conftest.c >&5
configure:12654: $? = 0
configure:12654: result: yes
configure:12654: checking X11/extensions/XInput.h presence
configure:12654: gcc -E   conftest.c
configure:12654: $? = 0
configure:12654: result: yes
configure:12654: checking for X11/extensions/XInput.h
configure:12654: result: yes
configure:12666: checking X11/extensions/XInput2.h usability
configure:12666: gcc -c -g -O2   conftest.c >&5
configure:12666: $? = 0
configure:12666: result: yes
configure:12666: checking X11/extensions/XInput2.h presence
configure:12666: gcc -E   conftest.c
configure:12666: $? = 0
configure:12666: result: yes
configure:12666: checking for X11/extensions/XInput2.h
configure:12666: result: yes
configure:12680: checking whether gcc needs -traditional
configure:12714: result: no
configure:12723: checking for vprintf
configure:12723: gcc -o conftest -g -O2   conftest.c -lrt -lXi -lXrandr -lXxf86vm  >&5
conftest.c:65:6: warning: conflicting types for built-in function 'vprintf' [enabled by default]
configure:12723: $? = 0
configure:12723: result: yes
configure:12729: checking for _doprnt
configure:12729: gcc -o conftest -g -O2   conftest.c -lrt -lXi -lXrandr -lXxf86vm  >&5
/tmp/ccSJ3iSa.o: In function `main':
/home/schnei49/libs/glut/freeglut-2.8.1/conftest.c:77: undefined reference to `_doprnt'
collect2: ld returned 1 exit status
configure:12729: $? = 1
configure: failed program was:
| /* confdefs.h */
| #define PACKAGE_NAME "freeglut library"
| #define PACKAGE_TARNAME "freeglut"
| #define PACKAGE_VERSION "2.8.1"
| #define PACKAGE_STRING "freeglut library 2.8.1"
| #define PACKAGE_BUGREPORT "freeglut-bugs@lists.sourceforge.net"
| #define PACKAGE_URL ""
| #define PACKAGE "freeglut"
| #define VERSION "2.8.1"
| #define STDC_HEADERS 1
| #define HAVE_SYS_TYPES_H 1
| #define HAVE_SYS_STAT_H 1
| #define HAVE_STDLIB_H 1
| #define HAVE_STRING_H 1
| #define HAVE_MEMORY_H 1
| #define HAVE_STRINGS_H 1
| #define HAVE_INTTYPES_H 1
| #define HAVE_STDINT_H 1
| #define HAVE_UNISTD_H 1
| #define HAVE_DLFCN_H 1
| #define LT_OBJDIR ".libs/"
| #define HAVE_LIBXXF86VM 1
| #define HAVE_LIBXRANDR 1
| #define HAVE_LIBXI 1
| #define STDC_HEADERS 1
| #define HAVE_ERRNO_H 1
| #define HAVE_GL_GL_H 1
| #define HAVE_GL_GLU_H 1
| #define HAVE_GL_GLX_H 1
| #define HAVE_FCNTL_H 1
| #define HAVE_LIMITS_H 1
| #define HAVE_SYS_IOCTL_H 1
| #define HAVE_SYS_PARAM_H 1
| #define HAVE_SYS_TIME_H 1
| #define TIME_WITH_SYS_TIME 1
| #define HAVE_X11_EXTENSIONS_XF86VMODE_H 1
| #define HAVE_X11_EXTENSIONS_XRANDR_H 1
| #define HAVE_X11_EXTENSIONS_XI_H 1
| #define HAVE_X11_EXTENSIONS_XINPUT_H 1
| #define HAVE_X11_EXTENSIONS_XINPUT2_H 1
| #define HAVE_VPRINTF 1
| /* end confdefs.h.  */
| /* Define _doprnt to an innocuous variant, in case <limits.h> declares _doprnt.
|    For example, HP-UX 11i <limits.h> declares gettimeofday.  */
| #define _doprnt innocuous__doprnt
| 
| /* System header to define __stub macros and hopefully few prototypes,
|     which can conflict with char _doprnt (); below.
|     Prefer <limits.h> to <assert.h> if __STDC__ is defined, since
|     <limits.h> exists even on freestanding compilers.  */
| 
| #ifdef __STDC__
| # include <limits.h>
| #else
| # include <assert.h>
| #endif
| 
| #undef _doprnt
| 
| /* Override any GCC internal prototype to avoid an error.
|    Use char because int might match the return type of a GCC
|    builtin and then its argument prototype would still apply.  */
| #ifdef __cplusplus
| extern "C"
| #endif
| char _doprnt ();
| /* The GNU C library defines this for functions which it implements
|     to always fail with ENOSYS.  Some functions are actually named
|     something starting with __ and the normal name is an alias.  */
| #if defined __stub__doprnt || defined __stub____doprnt
| choke me
| #endif
| 
| int
| main ()
| {
| return _doprnt ();
|   ;
|   return 0;
| }
configure:12729: result: no
configure:12828: checking for cos in -lm
configure:12853: gcc -o conftest -g -O2   conftest.c -lm  -lrt -lXi -lXrandr -lXxf86vm  >&5
conftest.c:50:6: warning: conflicting types for built-in function 'cos' [enabled by default]
configure:12853: $? = 0
configure:12862: result: yes
configure:12875: checking for gettimeofday
configure:12875: gcc -o conftest -g -O2   conftest.c -lrt -lXi -lXrandr -lXxf86vm  >&5
configure:12875: $? = 0
configure:12875: result: yes
configure:12886: checking for vfprintf
configure:12886: gcc -o conftest -g -O2   conftest.c -lrt -lXi -lXrandr -lXxf86vm  >&5
conftest.c:67:6: warning: conflicting types for built-in function 'vfprintf' [enabled by default]
configure:12886: $? = 0
configure:12886: result: yes
configure:13074: creating ./config.status

## ---------------------- ##
## Running config.status. ##
## ---------------------- ##

This file was extended by freeglut library config.status 2.8.1, which was
generated by GNU Autoconf 2.69.  Invocation command line was

  CONFIG_FILES    = 
  CONFIG_HEADERS  = 
  CONFIG_LINKS    = 
  CONFIG_COMMANDS = 
  $ ./config.status 

on hypnos

config.status:1128: creating Makefile
config.status:1128: creating doc/Makefile
config.status:1128: creating include/GL/Makefile
config.status:1128: creating include/Makefile
config.status:1128: creating progs/Makefile
config.status:1128: creating progs/demos/CallbackMaker/Makefile
config.status:1128: creating progs/demos/Fractals/Makefile
config.status:1128: creating progs/demos/Fractals_random/Makefile
config.status:1128: creating progs/demos/Lorenz/Makefile
config.status:1128: creating progs/demos/Makefile
config.status:1128: creating progs/demos/One/Makefile
config.status:1128: creating progs/demos/shapes/Makefile
config.status:1128: creating progs/demos/smooth_opengl3/Makefile
config.status:1128: creating progs/demos/spaceball/Makefile
config.status:1128: creating progs/demos/subwin/Makefile
config.status:1128: creating src/Makefile
config.status:1128: creating config.h
config.status:1309: config.h is unchanged
config.status:1357: executing depfiles commands
config.status:1357: executing libtool commands

## ---------------- ##
## Cache variables. ##
## ---------------- ##

ac_cv_build=x86_64-unknown-linux-gnu
ac_cv_c_compiler_gnu=yes
ac_cv_c_const=yes
ac_cv_env_CC_set=
ac_cv_env_CC_value=
ac_cv_env_CFLAGS_set=
ac_cv_env_CFLAGS_value=
ac_cv_env_CPPFLAGS_set=
ac_cv_env_CPPFLAGS_value=
ac_cv_env_CPP_set=
ac_cv_env_CPP_value=
ac_cv_env_LDFLAGS_set=
ac_cv_env_LDFLAGS_value=
ac_cv_env_LIBS_set=
ac_cv_env_LIBS_value=
ac_cv_env_XMKMF_set=
ac_cv_env_XMKMF_value=
ac_cv_env_build_alias_set=
ac_cv_env_build_alias_value=
ac_cv_env_host_alias_set=
ac_cv_env_host_alias_value=
ac_cv_env_target_alias_set=
ac_cv_env_target_alias_value=
ac_cv_func__doprnt=no
ac_cv_func_connect=yes
ac_cv_func_dlopen=no
ac_cv_func_gethostbyname=yes
ac_cv_func_gettimeofday=yes
ac_cv_func_remove=yes
ac_cv_func_shl_load=no
ac_cv_func_shmat=yes
ac_cv_func_vfprintf=yes
ac_cv_func_vprintf=yes
ac_cv_have_x='have_x=yes	ac_x_includes='\'''\''	ac_x_libraries='\'''\'''
ac_cv_header_GL_gl_h=yes
ac_cv_header_GL_glu_h=yes
ac_cv_header_GL_glx_h=yes
ac_cv_header_X11_extensions_XI_h=yes
ac_cv_header_X11_extensions_XInput2_h=yes
ac_cv_header_X11_extensions_XInput_h=yes
ac_cv_header_X11_extensions_Xrandr_h=yes
ac_cv_header_X11_extensions_xf86vmode_h=yes
ac_cv_header_dlfcn_h=yes
ac_cv_header_errno_h=yes
ac_cv_header_fcntl_h=yes
ac_cv_header_inttypes_h=yes
ac_cv_header_libusbhid_h=no
ac_cv_header_limits_h=yes
ac_cv_header_memory_h=yes
ac_cv_header_stdc=yes
ac_cv_header_stdint_h=yes
ac_cv_header_stdlib_h=yes
ac_cv_header_string_h=yes
ac_cv_header_strings_h=yes
ac_cv_header_sys_ioctl_h=yes
ac_cv_header_sys_param_h=yes
ac_cv_header_sys_stat_h=yes
ac_cv_header_sys_time_h=yes
ac_cv_header_sys_types_h=yes
ac_cv_header_time=yes
ac_cv_header_unistd_h=yes
ac_cv_header_usbhid_h=no
ac_cv_host=x86_64-unknown-linux-gnu
ac_cv_lib_ICE_IceConnectionNumber=yes
ac_cv_lib_Xi_XISelectEvents=yes
ac_cv_lib_Xrandr_XRRQueryExtension=yes
ac_cv_lib_Xxf86vm_XF86VidModeSwitchToMode=yes
ac_cv_lib_dl_dlopen=yes
ac_cv_lib_dld_shl_load=no
ac_cv_lib_m_cos=yes
ac_cv_lib_usbhid_hid_init=no
ac_cv_objext=o
ac_cv_path_EGREP='/bin/grep -E'
ac_cv_path_FGREP='/bin/grep -F'
ac_cv_path_GREP=/bin/grep
ac_cv_path_SED=/bin/sed
ac_cv_path_install='/usr/bin/install -c'
ac_cv_path_mkdir=/bin/mkdir
ac_cv_prog_AWK=gawk
ac_cv_prog_CPP='gcc -E'
ac_cv_prog_ac_ct_AR=ar
ac_cv_prog_ac_ct_CC=gcc
ac_cv_prog_ac_ct_MANIFEST_TOOL=mt
ac_cv_prog_ac_ct_OBJDUMP=objdump
ac_cv_prog_ac_ct_RANLIB=ranlib
ac_cv_prog_ac_ct_STRIP=strip
ac_cv_prog_cc_c89=
ac_cv_prog_cc_g=yes
ac_cv_prog_cc_gcc_c_o=yes
ac_cv_prog_gcc_traditional=no
ac_cv_prog_make_make_set=yes
ac_cv_search_clock_gettime=-lrt
am_cv_CC_dependencies_compiler_type=gcc3
lt_cv_ar_at_file=@
lt_cv_archive_cmds_need_lc=no
lt_cv_deplibs_check_method=pass_all
lt_cv_dlopen=dlopen
lt_cv_dlopen_libs=-ldl
lt_cv_dlopen_self=yes
lt_cv_dlopen_self_static=no
lt_cv_file_magic_cmd='$MAGIC_CMD'
lt_cv_file_magic_test_file=
lt_cv_ld_reload_flag=-r
lt_cv_nm_interface='BSD nm'
lt_cv_objdir=.libs
lt_cv_path_LD=/usr/bin/ld
lt_cv_path_NM='/usr/bin/nm -B'
lt_cv_path_mainfest_tool=no
lt_cv_prog_compiler_c_o=yes
lt_cv_prog_compiler_pic='-fPIC -DPIC'
lt_cv_prog_compiler_pic_works=yes
lt_cv_prog_compiler_rtti_exceptions=no
lt_cv_prog_compiler_static_works=yes
lt_cv_prog_gnu_ld=yes
lt_cv_sharedlib_from_linklib_cmd='printf %s\n'
lt_cv_shlibpath_overrides_runpath=no
lt_cv_sys_global_symbol_pipe='sed -n -e '\''s/^.*[	 ]\([ABCDGIRSTW][ABCDGIRSTW]*\)[	 ][	 ]*\([_A-Za-z][_A-Za-z0-9]*\)$/\1 \2 \2/p'\'' | sed '\''/ __gnu_lto/d'\'''
lt_cv_sys_global_symbol_to_c_name_address='sed -n -e '\''s/^: \([^ ]*\)[ ]*$/  {\"\1\", (void *) 0},/p'\'' -e '\''s/^[ABCDGIRSTW]* \([^ ]*\) \([^ ]*\)$/  {"\2", (void *) \&\2},/p'\'''
lt_cv_sys_global_symbol_to_c_name_address_lib_prefix='sed -n -e '\''s/^: \([^ ]*\)[ ]*$/  {\"\1\", (void *) 0},/p'\'' -e '\''s/^[ABCDGIRSTW]* \([^ ]*\) \(lib[^ ]*\)$/  {"\2", (void *) \&\2},/p'\'' -e '\''s/^[ABCDGIRSTW]* \([^ ]*\) \([^ ]*\)$/  {"lib\2", (void *) \&\2},/p'\'''
lt_cv_sys_global_symbol_to_cdecl='sed -n -e '\''s/^T .* \(.*\)$/extern int \1();/p'\'' -e '\''s/^[ABCDGIRSTW]* .* \(.*\)$/extern char \1;/p'\'''
lt_cv_sys_max_cmd_len=1572864
lt_cv_to_host_file_cmd=func_convert_file_noop
lt_cv_to_tool_file_cmd=func_convert_file_noop

## ----------------- ##
## Output variables. ##
## ----------------- ##

ACLOCAL='${SHELL} /home/schnei49/libs/glut/freeglut-2.8.1/missing --run aclocal-1.11'
AMDEPBACKSLASH='\'
AMDEP_FALSE='#'
AMDEP_TRUE=''
AMTAR='$${TAR-tar}'
AR='ar'
AUTOCONF='${SHELL} /home/schnei49/libs/glut/freeglut-2.8.1/missing --run autoconf'
AUTOHEADER='${SHELL} /home/schnei49/libs/glut/freeglut-2.8.1/missing --run autoheader'
AUTOMAKE='${SHELL} /home/schnei49/libs/glut/freeglut-2.8.1/missing --run automake-1.11'
AWK='gawk'
CC='gcc'
CCDEPMODE='depmode=gcc3'
CFLAGS='-g -O2 -Wall -pedantic'
CPP='gcc -E'
CPPFLAGS=''
CYGPATH_W='echo'
DEFS='-DHAVE_CONFIG_H'
DEPDIR='.deps'
DLLTOOL='false'
DSYMUTIL=''
DUMPBIN=''
ECHO_C=''
ECHO_N='-n'
ECHO_T=''
EGREP='/bin/grep -E'
EXEEXT=''
EXPORT_FLAGS=''
FGREP='/bin/grep -F'
GL_LIBS='-lGL -lXext -lX11'
GREP='/bin/grep'
HEADER='glut.h'
INSTALL_DATA='${INSTALL} -m 644'
INSTALL_PROGRAM='${INSTALL}'
INSTALL_SCRIPT='${INSTALL}'
INSTALL_STRIP_PROGRAM='$(install_sh) -c -s'
LD='/usr/bin/ld -m elf_x86_64'
LDFLAGS=''
LIBM='-lm'
LIBOBJS=''
LIBRARY='glut'
LIBS='-lrt -lXi -lXrandr -lXxf86vm '
LIBTOOL='$(SHELL) $(top_builddir)/libtool'
LIBTOOL_DEPS='./ltmain.sh'
LIBUSBHID=''
LIBXI='-lXi'
LIBXXF86VM=''
LIPO=''
LN_S='ln -s'
LTLIBOBJS=''
MAKEINFO='${SHELL} /home/schnei49/libs/glut/freeglut-2.8.1/missing --run makeinfo'
MANIFEST_TOOL=':'
MKDIR_P='/bin/mkdir -p'
NM='/usr/bin/nm -B'
NMEDIT=''
OBJDUMP='objdump'
OBJEXT='o'
OTOOL64=''
OTOOL=''
PACKAGE='freeglut'
PACKAGE_BUGREPORT='freeglut-bugs@lists.sourceforge.net'
PACKAGE_NAME='freeglut library'
PACKAGE_STRING='freeglut library 2.8.1'
PACKAGE_TARNAME='freeglut'
PACKAGE_URL=''
PACKAGE_VERSION='2.8.1'
PATH_SEPARATOR=':'
RANLIB='ranlib'
SED='/bin/sed'
SET_MAKE=''
SHELL='/bin/bash'
STRIP='strip'
VERSION='2.8.1'
VERSION_INFO='-version-info 12:0:9'
XMKMF=''
X_CFLAGS=''
X_EXTRA_LIBS=''
X_LIBS=''
X_PRE_LIBS=' -lSM -lICE'
ac_ct_AR='ar'
ac_ct_CC='gcc'
ac_ct_DUMPBIN=''
am__EXEEXT_FALSE=''
am__EXEEXT_TRUE='#'
am__fastdepCC_FALSE='#'
am__fastdepCC_TRUE=''
am__include='include'
am__isrc=''
am__leading_dot='.'
am__nodep='_no'
am__quote=''
am__tar='$${TAR-tar} chof - "$$tardir"'
am__untar='$${TAR-tar} xf -'
bindir='${exec_prefix}/bin'
build='x86_64-unknown-linux-gnu'
build_alias=''
build_cpu='x86_64'
build_os='linux-gnu'
build_vendor='unknown'
datadir='${datarootdir}'
datarootdir='${prefix}/share'
docdir='${datarootdir}/doc/${PACKAGE_TARNAME}'
dvidir='${docdir}'
exec_prefix='${prefix}'
host='x86_64-unknown-linux-gnu'
host_alias=''
host_cpu='x86_64'
host_os='linux-gnu'
host_vendor='unknown'
htmldir='${docdir}'
includedir='${prefix}/include'
infodir='${datarootdir}/info'
install_sh='${SHELL} /home/schnei49/libs/glut/freeglut-2.8.1/install-sh'
libdir='${exec_prefix}/lib'
libexecdir='${exec_prefix}/libexec'
localedir='${datarootdir}/locale'
localstatedir='${prefix}/var'
mandir='${datarootdir}/man'
mkdir_p='/bin/mkdir -p'
oldincludedir='/usr/include'
pdfdir='${docdir}'
prefix='/usr/local'
program_transform_name='s,x,x,'
psdir='${docdir}'
sbindir='${exec_prefix}/sbin'
sharedstatedir='${prefix}/com'
sysconfdir='${prefix}/etc'
target_alias=''

## ----------- ##
## confdefs.h. ##
## ----------- ##

/* confdefs.h */
#define PACKAGE_NAME "freeglut library"
#define PACKAGE_TARNAME "freeglut"
#define PACKAGE_VERSION "2.8.1"
#define PACKAGE_STRING "freeglut library 2.8.1"
#define PACKAGE_BUGREPORT "freeglut-bugs@lists.sourceforge.net"
#define PACKAGE_URL ""
#define PACKAGE "freeglut"
#define VERSION "2.8.1"
#define STDC_HEADERS 1
#define HAVE_SYS_TYPES_H 1
#define HAVE_SYS_STAT_H 1
#define HAVE_STDLIB_H 1
#define HAVE_STRING_H 1
#define HAVE_MEMORY_H 1
#define HAVE_STRINGS_H 1
#define HAVE_INTTYPES_H 1
#define HAVE_STDINT_H 1
#define HAVE_UNISTD_H 1
#define HAVE_DLFCN_H 1
#define LT_OBJDIR ".libs/"
#define HAVE_LIBXXF86VM 1
#define HAVE_LIBXRANDR 1
#define HAVE_LIBXI 1
#define STDC_HEADERS 1
#define HAVE_ERRNO_H 1
#define HAVE_GL_GL_H 1
#define HAVE_GL_GLU_H 1
#define HAVE_GL_GLX_H 1
#define HAVE_FCNTL_H 1
#define HAVE_LIMITS_H 1
#define HAVE_SYS_IOCTL_H 1
#define HAVE_SYS_PARAM_H 1
#define HAVE_SYS_TIME_H 1
#define TIME_WITH_SYS_TIME 1
#define HAVE_X11_EXTENSIONS_XF86VMODE_H 1
#define HAVE_X11_EXTENSIONS_XRANDR_H 1
#define HAVE_X11_EXTENSIONS_XI_H 1
#define HAVE_X11_EXTENSIONS_XINPUT_H 1
#define HAVE_X11_EXTENSIONS_XINPUT2_H 1
#define HAVE_VPRINTF 1
#define HAVE_GETTIMEOFDAY 1
#define HAVE_VFPRINTF 1

configure: exit 0
